<?xml version="1.0" encoding="UTF-8"?>
<!-- Generated by org.testng.reporters.JUnitReportReporter -->
<testsuite hostname="LAPTOP-EV4NN410" failures="0" tests="2" name="MavenTestNGSelenium.TestMavenSeTestNG" time="0.010" errors="0" timestamp="2024-06-03T23:54:17 EET" skipped="0">
  <testcase classname="MavenTestNGSelenium.TestMavenSeTestNG" name="test1" time="0.009"/>
  <system-out/>
  <testcase classname="MavenTestNGSelenium.TestMavenSeTestNG" name="test2" time="0.001"/>
  <system-out/>
</testsuite> <!-- MavenTestNGSelenium.TestMavenSeTestNG -->
