<?xml version="1.0" encoding="UTF-8"?>
<!-- Generated by org.testng.reporters.JUnitReportReporter -->
<testsuite hostname="LAPTOP-EV4NN410" failures="0" tests="1" name="testMaven.MavenTest.AppTest" time="0.015" errors="0" timestamp="09 Jun 2024 19:20:19 GMT" skipped="0">
  <testcase classname="testMaven.MavenTest.AppTest" name="testApp" time="0.015"/>
</testsuite> <!-- testMaven.MavenTest.AppTest -->
